[1.117s] DEBUG:colcon:Command line arguments: ['/usr/bin/colcon', 'build', '--packages-select', 'printer_system']
[1.118s] DEBUG:colcon:Parsed command line arguments: Namespace(log_base=None, log_level=None, verb_name='build', build_base='build', install_base='install', merge_install=False, symlink_install=False, test_result_base=None, continue_on_error=False, executor='parallel', parallel_workers=8, event_handlers=None, ignore_user_meta=False, metas=['./colcon.meta'], base_paths=['.'], packages_ignore=None, packages_ignore_regex=None, paths=None, packages_up_to=None, packages_up_to_regex=None, packages_above=None, packages_above_and_dependencies=None, packages_above_depth=None, packages_select_by_dep=None, packages_skip_by_dep=None, packages_skip_up_to=None, packages_select_build_failed=False, packages_skip_build_finished=False, packages_select_test_failures=False, packages_skip_test_passed=False, packages_select=['printer_system'], packages_skip=None, packages_select_regex=None, packages_skip_regex=None, packages_start=None, packages_end=None, cmake_args=None, cmake_target=None, cmake_target_skip_unavailable=False, cmake_clean_cache=False, cmake_clean_first=False, cmake_force_configure=False, ament_cmake_args=None, catkin_cmake_args=None, catkin_skip_building_tests=False, mixin_files=None, mixin=None, verb_parser=<colcon_mixin.mixin.mixin_argument.MixinArgumentDecorator object at 0x7f3d35f276d0>, verb_extension=<colcon_core.verb.build.BuildVerb object at 0x7f3d35f26860>, main=<bound method BuildVerb.main of <colcon_core.verb.build.BuildVerb object at 0x7f3d35f26860>>, mixin_verb=('build',))
[3.260s] Level 1:colcon.colcon_core.package_discovery:discover_packages(colcon_meta) check parameters
[3.268s] INFO:colcon.colcon_metadata.package_discovery.colcon_meta:Using configuration from '/root/.colcon/metadata/default/Gazebo.meta'
[3.274s] INFO:colcon.colcon_metadata.package_discovery.colcon_meta:Using configuration from '/root/.colcon/metadata/default/fastrtps.meta'
[3.274s] Level 1:colcon.colcon_core.package_discovery:discover_packages(recursive) check parameters
[3.275s] Level 1:colcon.colcon_core.package_discovery:discover_packages(ignore) check parameters
[3.275s] Level 1:colcon.colcon_core.package_discovery:discover_packages(path) check parameters
[3.276s] Level 1:colcon.colcon_core.package_discovery:discover_packages(colcon_meta) discover
[3.276s] Level 1:colcon.colcon_core.package_discovery:discover_packages(recursive) discover
[3.277s] INFO:colcon.colcon_core.package_discovery:Crawling recursively for packages in '/root/ros2_ws'
[3.278s] Level 1:colcon.colcon_core.package_identification:_identify(.) by extensions ['ignore', 'ignore_ament_install']
[3.279s] Level 1:colcon.colcon_core.package_identification:_identify(.) by extension 'ignore'
[3.280s] Level 1:colcon.colcon_core.package_identification:_identify(.) by extension 'ignore_ament_install'
[3.280s] Level 1:colcon.colcon_core.package_identification:_identify(.) by extensions ['colcon_pkg']
[3.281s] Level 1:colcon.colcon_core.package_identification:_identify(.) by extension 'colcon_pkg'
[3.281s] Level 1:colcon.colcon_core.package_identification:_identify(.) by extensions ['colcon_meta']
[3.282s] Level 1:colcon.colcon_core.package_identification:_identify(.) by extension 'colcon_meta'
[3.282s] Level 1:colcon.colcon_core.package_identification:_identify(.) by extensions ['ros']
[3.282s] Level 1:colcon.colcon_core.package_identification:_identify(.) by extension 'ros'
[3.438s] Level 1:colcon.colcon_core.package_identification:_identify(.) by extensions ['cmake', 'python']
[3.438s] Level 1:colcon.colcon_core.package_identification:_identify(.) by extension 'cmake'
[3.439s] Level 1:colcon.colcon_core.package_identification:_identify(.) by extension 'python'
[3.440s] Level 1:colcon.colcon_core.package_identification:_identify(.) by extensions ['python_setup_py']
[3.441s] Level 1:colcon.colcon_core.package_identification:_identify(.) by extension 'python_setup_py'
[3.443s] Level 1:colcon.colcon_core.package_identification:_identify(build) by extensions ['ignore', 'ignore_ament_install']
[3.445s] Level 1:colcon.colcon_core.package_identification:_identify(build) by extension 'ignore'
[3.446s] Level 1:colcon.colcon_core.package_identification:_identify(build) ignored
[3.447s] Level 1:colcon.colcon_core.package_identification:_identify(install) by extensions ['ignore', 'ignore_ament_install']
[3.449s] Level 1:colcon.colcon_core.package_identification:_identify(install) by extension 'ignore'
[3.449s] Level 1:colcon.colcon_core.package_identification:_identify(install) ignored
[3.451s] Level 1:colcon.colcon_core.package_identification:_identify(log) by extensions ['ignore', 'ignore_ament_install']
[3.453s] Level 1:colcon.colcon_core.package_identification:_identify(log) by extension 'ignore'
[3.454s] Level 1:colcon.colcon_core.package_identification:_identify(log) ignored
[3.455s] Level 1:colcon.colcon_core.package_identification:_identify(src) by extensions ['ignore', 'ignore_ament_install']
[3.456s] Level 1:colcon.colcon_core.package_identification:_identify(src) by extension 'ignore'
[3.457s] Level 1:colcon.colcon_core.package_identification:_identify(src) by extension 'ignore_ament_install'
[3.458s] Level 1:colcon.colcon_core.package_identification:_identify(src) by extensions ['colcon_pkg']
[3.459s] Level 1:colcon.colcon_core.package_identification:_identify(src) by extension 'colcon_pkg'
[3.460s] Level 1:colcon.colcon_core.package_identification:_identify(src) by extensions ['colcon_meta']
[3.460s] Level 1:colcon.colcon_core.package_identification:_identify(src) by extension 'colcon_meta'
[3.462s] Level 1:colcon.colcon_core.package_identification:_identify(src) by extensions ['ros']
[3.462s] Level 1:colcon.colcon_core.package_identification:_identify(src) by extension 'ros'
[3.464s] Level 1:colcon.colcon_core.package_identification:_identify(src) by extensions ['cmake', 'python']
[3.464s] Level 1:colcon.colcon_core.package_identification:_identify(src) by extension 'cmake'
[3.466s] Level 1:colcon.colcon_core.package_identification:_identify(src) by extension 'python'
[3.466s] Level 1:colcon.colcon_core.package_identification:_identify(src) by extensions ['python_setup_py']
[3.467s] Level 1:colcon.colcon_core.package_identification:_identify(src) by extension 'python_setup_py'
[3.469s] Level 1:colcon.colcon_core.package_identification:_identify(src/printer_system) by extensions ['ignore', 'ignore_ament_install']
[3.471s] Level 1:colcon.colcon_core.package_identification:_identify(src/printer_system) by extension 'ignore'
[3.472s] Level 1:colcon.colcon_core.package_identification:_identify(src/printer_system) by extension 'ignore_ament_install'
[3.473s] Level 1:colcon.colcon_core.package_identification:_identify(src/printer_system) by extensions ['colcon_pkg']
[3.473s] Level 1:colcon.colcon_core.package_identification:_identify(src/printer_system) by extension 'colcon_pkg'
[3.474s] Level 1:colcon.colcon_core.package_identification:_identify(src/printer_system) by extensions ['colcon_meta']
[3.475s] Level 1:colcon.colcon_core.package_identification:_identify(src/printer_system) by extension 'colcon_meta'
[3.476s] Level 1:colcon.colcon_core.package_identification:_identify(src/printer_system) by extensions ['ros']
[3.476s] Level 1:colcon.colcon_core.package_identification:_identify(src/printer_system) by extension 'ros'
[3.516s] DEBUG:colcon.colcon_core.package_identification:Package 'src/printer_system' with type 'ros.ament_cmake' and name 'printer_system'
[3.516s] Level 1:colcon.colcon_core.package_discovery:discover_packages(recursive) using defaults
[3.517s] Level 1:colcon.colcon_core.package_discovery:discover_packages(ignore) discover
[3.519s] Level 1:colcon.colcon_core.package_discovery:discover_packages(ignore) using defaults
[3.520s] Level 1:colcon.colcon_core.package_discovery:discover_packages(path) discover
[3.521s] Level 1:colcon.colcon_core.package_discovery:discover_packages(path) using defaults
[3.730s] Level 5:colcon.colcon_core.verb:set package 'printer_system' build argument 'cmake_args' from command line to 'None'
[3.730s] Level 5:colcon.colcon_core.verb:set package 'printer_system' build argument 'cmake_target' from command line to 'None'
[3.730s] Level 5:colcon.colcon_core.verb:set package 'printer_system' build argument 'cmake_target_skip_unavailable' from command line to 'False'
[3.730s] Level 5:colcon.colcon_core.verb:set package 'printer_system' build argument 'cmake_clean_cache' from command line to 'False'
[3.731s] Level 5:colcon.colcon_core.verb:set package 'printer_system' build argument 'cmake_clean_first' from command line to 'False'
[3.731s] Level 5:colcon.colcon_core.verb:set package 'printer_system' build argument 'cmake_force_configure' from command line to 'False'
[3.731s] Level 5:colcon.colcon_core.verb:set package 'printer_system' build argument 'ament_cmake_args' from command line to 'None'
[3.732s] Level 5:colcon.colcon_core.verb:set package 'printer_system' build argument 'catkin_cmake_args' from command line to 'None'
[3.732s] Level 5:colcon.colcon_core.verb:set package 'printer_system' build argument 'catkin_skip_building_tests' from command line to 'False'
[3.732s] DEBUG:colcon.colcon_core.verb:Building package 'printer_system' with the following arguments: {'ament_cmake_args': None, 'build_base': '/root/ros2_ws/build/printer_system', 'catkin_cmake_args': None, 'catkin_skip_building_tests': False, 'cmake_args': None, 'cmake_clean_cache': False, 'cmake_clean_first': False, 'cmake_force_configure': False, 'cmake_target': None, 'cmake_target_skip_unavailable': False, 'install_base': '/root/ros2_ws/install/printer_system', 'merge_install': False, 'path': '/root/ros2_ws/src/printer_system', 'symlink_install': False, 'test_result_base': None}
[3.734s] INFO:colcon.colcon_core.executor:Executing jobs using 'parallel' executor
[3.741s] DEBUG:colcon.colcon_parallel_executor.executor.parallel:run_until_complete
[3.742s] INFO:colcon.colcon_ros.task.ament_cmake.build:Building ROS package in '/root/ros2_ws/src/printer_system' with build type 'ament_cmake'
[3.743s] INFO:colcon.colcon_cmake.task.cmake.build:Building CMake package in '/root/ros2_ws/src/printer_system'
[3.766s] INFO:colcon.colcon_core.plugin_system:Skipping extension 'colcon_core.shell.bat': Not used on non-Windows systems
[3.768s] INFO:colcon.colcon_core.shell:Skip shell extension 'powershell' for command environment: Not usable outside of PowerShell
[3.768s] DEBUG:colcon.colcon_core.shell:Skip shell extension 'dsv' for command environment
[3.777s] WARNING:colcon.colcon_ros.prefix_path.ament:The path '/root/ros2_ws/install/printer_system' in the environment variable AMENT_PREFIX_PATH doesn't exist
[3.778s] WARNING:colcon.colcon_ros.prefix_path.catkin:The path '/root/ros2_ws/install/printer_system' in the environment variable CMAKE_PREFIX_PATH doesn't exist
[3.852s] DEBUG:colcon.colcon_core.event_handler.log_command:Invoking command in '/root/ros2_ws/build/printer_system': CMAKE_PREFIX_PATH=${CMAKE_PREFIX_PATH}:/opt/ros/humble /usr/bin/cmake /root/ros2_ws/src/printer_system -DCMAKE_INSTALL_PREFIX=/root/ros2_ws/install/printer_system
[16.452s] DEBUG:colcon.colcon_core.event_handler.log_command:Invoked command in '/root/ros2_ws/build/printer_system' returned '0': CMAKE_PREFIX_PATH=${CMAKE_PREFIX_PATH}:/opt/ros/humble /usr/bin/cmake /root/ros2_ws/src/printer_system -DCMAKE_INSTALL_PREFIX=/root/ros2_ws/install/printer_system
[16.469s] DEBUG:colcon.colcon_core.event_handler.log_command:Invoking command in '/root/ros2_ws/build/printer_system': CMAKE_PREFIX_PATH=${CMAKE_PREFIX_PATH}:/opt/ros/humble /usr/bin/cmake --build /root/ros2_ws/build/printer_system -- -j8 -l8
[43.672s] DEBUG:colcon.colcon_core.event_handler.log_command:Invoked command in '/root/ros2_ws/build/printer_system' returned '0': CMAKE_PREFIX_PATH=${CMAKE_PREFIX_PATH}:/opt/ros/humble /usr/bin/cmake --build /root/ros2_ws/build/printer_system -- -j8 -l8
[43.781s] DEBUG:colcon.colcon_core.event_handler.log_command:Invoking command in '/root/ros2_ws/build/printer_system': CMAKE_PREFIX_PATH=${CMAKE_PREFIX_PATH}:/opt/ros/humble /usr/bin/cmake --install /root/ros2_ws/build/printer_system
[44.473s] Level 1:colcon.colcon_core.environment:create_environment_scripts_only(printer_system)
[44.476s] DEBUG:colcon.colcon_core.event_handler.log_command:Invoked command in '/root/ros2_ws/build/printer_system' returned '0': CMAKE_PREFIX_PATH=${CMAKE_PREFIX_PATH}:/opt/ros/humble /usr/bin/cmake --install /root/ros2_ws/build/printer_system
[44.493s] Level 1:colcon.colcon_core.environment:checking '/root/ros2_ws/install/printer_system' for CMake module files
[44.501s] Level 1:colcon.colcon_core.environment:checking '/root/ros2_ws/install/printer_system' for CMake config files
[44.502s] Level 1:colcon.colcon_core.shell:create_environment_hook('printer_system', 'cmake_prefix_path')
[44.504s] INFO:colcon.colcon_core.shell:Creating environment hook '/root/ros2_ws/install/printer_system/share/printer_system/hook/cmake_prefix_path.ps1'
[44.509s] INFO:colcon.colcon_core.shell:Creating environment descriptor '/root/ros2_ws/install/printer_system/share/printer_system/hook/cmake_prefix_path.dsv'
[44.513s] INFO:colcon.colcon_core.shell:Creating environment hook '/root/ros2_ws/install/printer_system/share/printer_system/hook/cmake_prefix_path.sh'
[44.518s] Level 1:colcon.colcon_core.environment:checking '/root/ros2_ws/install/printer_system/lib'
[44.519s] Level 1:colcon.colcon_core.shell:create_environment_hook('printer_system', 'ld_library_path_lib')
[44.521s] INFO:colcon.colcon_core.shell:Creating environment hook '/root/ros2_ws/install/printer_system/share/printer_system/hook/ld_library_path_lib.ps1'
[44.524s] INFO:colcon.colcon_core.shell:Creating environment descriptor '/root/ros2_ws/install/printer_system/share/printer_system/hook/ld_library_path_lib.dsv'
[44.527s] INFO:colcon.colcon_core.shell:Creating environment hook '/root/ros2_ws/install/printer_system/share/printer_system/hook/ld_library_path_lib.sh'
[44.530s] Level 1:colcon.colcon_core.environment:checking '/root/ros2_ws/install/printer_system/bin'
[44.531s] Level 1:colcon.colcon_core.environment:checking '/root/ros2_ws/install/printer_system/lib/pkgconfig/printer_system.pc'
[44.542s] Level 1:colcon.colcon_core.environment:checking '/root/ros2_ws/install/printer_system/lib/python3.10/site-packages'
[44.543s] Level 1:colcon.colcon_core.shell:create_environment_hook('printer_system', 'pythonpath')
[44.545s] INFO:colcon.colcon_core.shell:Creating environment hook '/root/ros2_ws/install/printer_system/share/printer_system/hook/pythonpath.ps1'
[44.548s] INFO:colcon.colcon_core.shell:Creating environment descriptor '/root/ros2_ws/install/printer_system/share/printer_system/hook/pythonpath.dsv'
[44.550s] INFO:colcon.colcon_core.shell:Creating environment hook '/root/ros2_ws/install/printer_system/share/printer_system/hook/pythonpath.sh'
[44.553s] Level 1:colcon.colcon_core.environment:checking '/root/ros2_ws/install/printer_system/bin'
[44.556s] INFO:colcon.colcon_core.shell:Creating package script '/root/ros2_ws/install/printer_system/share/printer_system/package.ps1'
[44.563s] INFO:colcon.colcon_core.shell:Creating package descriptor '/root/ros2_ws/install/printer_system/share/printer_system/package.dsv'
[44.568s] INFO:colcon.colcon_core.shell:Creating package script '/root/ros2_ws/install/printer_system/share/printer_system/package.sh'
[44.574s] INFO:colcon.colcon_core.shell:Creating package script '/root/ros2_ws/install/printer_system/share/printer_system/package.bash'
[44.580s] INFO:colcon.colcon_core.shell:Creating package script '/root/ros2_ws/install/printer_system/share/printer_system/package.zsh'
[44.585s] Level 1:colcon.colcon_core.environment:create_file_with_runtime_dependencies(/root/ros2_ws/install/printer_system/share/colcon-core/packages/printer_system)
[44.590s] Level 1:colcon.colcon_core.environment:create_environment_scripts_only(printer_system)
[44.592s] Level 1:colcon.colcon_core.environment:checking '/root/ros2_ws/install/printer_system' for CMake module files
[44.599s] Level 1:colcon.colcon_core.environment:checking '/root/ros2_ws/install/printer_system' for CMake config files
[44.600s] Level 1:colcon.colcon_core.shell:create_environment_hook('printer_system', 'cmake_prefix_path')
[44.602s] INFO:colcon.colcon_core.shell:Creating environment hook '/root/ros2_ws/install/printer_system/share/printer_system/hook/cmake_prefix_path.ps1'
[44.604s] INFO:colcon.colcon_core.shell:Creating environment descriptor '/root/ros2_ws/install/printer_system/share/printer_system/hook/cmake_prefix_path.dsv'
[44.607s] INFO:colcon.colcon_core.shell:Creating environment hook '/root/ros2_ws/install/printer_system/share/printer_system/hook/cmake_prefix_path.sh'
[44.612s] Level 1:colcon.colcon_core.environment:checking '/root/ros2_ws/install/printer_system/lib'
[44.613s] Level 1:colcon.colcon_core.shell:create_environment_hook('printer_system', 'ld_library_path_lib')
[44.614s] INFO:colcon.colcon_core.shell:Creating environment hook '/root/ros2_ws/install/printer_system/share/printer_system/hook/ld_library_path_lib.ps1'
[44.617s] INFO:colcon.colcon_core.shell:Creating environment descriptor '/root/ros2_ws/install/printer_system/share/printer_system/hook/ld_library_path_lib.dsv'
[44.619s] INFO:colcon.colcon_core.shell:Creating environment hook '/root/ros2_ws/install/printer_system/share/printer_system/hook/ld_library_path_lib.sh'
[44.623s] Level 1:colcon.colcon_core.environment:checking '/root/ros2_ws/install/printer_system/bin'
[44.623s] Level 1:colcon.colcon_core.environment:checking '/root/ros2_ws/install/printer_system/lib/pkgconfig/printer_system.pc'
[44.625s] Level 1:colcon.colcon_core.environment:checking '/root/ros2_ws/install/printer_system/lib/python3.10/site-packages'
[44.626s] Level 1:colcon.colcon_core.shell:create_environment_hook('printer_system', 'pythonpath')
[44.628s] INFO:colcon.colcon_core.shell:Creating environment hook '/root/ros2_ws/install/printer_system/share/printer_system/hook/pythonpath.ps1'
[44.631s] INFO:colcon.colcon_core.shell:Creating environment descriptor '/root/ros2_ws/install/printer_system/share/printer_system/hook/pythonpath.dsv'
[44.634s] INFO:colcon.colcon_core.shell:Creating environment hook '/root/ros2_ws/install/printer_system/share/printer_system/hook/pythonpath.sh'
[44.638s] Level 1:colcon.colcon_core.environment:checking '/root/ros2_ws/install/printer_system/bin'
[44.641s] INFO:colcon.colcon_core.shell:Creating package script '/root/ros2_ws/install/printer_system/share/printer_system/package.ps1'
[44.646s] INFO:colcon.colcon_core.shell:Creating package descriptor '/root/ros2_ws/install/printer_system/share/printer_system/package.dsv'
[44.650s] INFO:colcon.colcon_core.shell:Creating package script '/root/ros2_ws/install/printer_system/share/printer_system/package.sh'
[44.653s] INFO:colcon.colcon_core.shell:Creating package script '/root/ros2_ws/install/printer_system/share/printer_system/package.bash'
[44.657s] INFO:colcon.colcon_core.shell:Creating package script '/root/ros2_ws/install/printer_system/share/printer_system/package.zsh'
[44.661s] Level 1:colcon.colcon_core.environment:create_file_with_runtime_dependencies(/root/ros2_ws/install/printer_system/share/colcon-core/packages/printer_system)
[44.663s] DEBUG:colcon.colcon_parallel_executor.executor.parallel:closing loop
[44.665s] DEBUG:colcon.colcon_parallel_executor.executor.parallel:loop closed
[44.665s] DEBUG:colcon.colcon_parallel_executor.executor.parallel:run_until_complete finished with '0'
[44.665s] DEBUG:colcon.colcon_core.event_reactor:joining thread
[44.700s] INFO:colcon.colcon_core.plugin_system:Skipping extension 'colcon_notification.desktop_notification.notify_send': Could not find 'notify-send'
[44.701s] INFO:colcon.colcon_core.plugin_system:Skipping extension 'colcon_notification.desktop_notification.terminal_notifier': Not used on non-Darwin systems
[44.701s] INFO:colcon.colcon_core.plugin_system:Skipping extension 'colcon_notification.desktop_notification.win32': Not used on non-Windows systems
[44.702s] INFO:colcon.colcon_notification.desktop_notification:Sending desktop notification using 'notify2'
[44.702s] DEBUG:colcon.colcon_notification.desktop_notification.notify2:Failed to initialize notify2: org.freedesktop.DBus.Error.NotSupported: Unable to autolaunch a dbus-daemon without a $DISPLAY for X11
[44.703s] DEBUG:colcon.colcon_core.event_reactor:joined thread
[44.704s] INFO:colcon.colcon_core.shell:Creating prefix script '/root/ros2_ws/install/local_setup.ps1'
[44.716s] INFO:colcon.colcon_core.shell:Creating prefix util module '/root/ros2_ws/install/_local_setup_util_ps1.py'
[44.727s] INFO:colcon.colcon_core.shell:Creating prefix chain script '/root/ros2_ws/install/setup.ps1'
[44.735s] INFO:colcon.colcon_core.shell:Creating prefix script '/root/ros2_ws/install/local_setup.sh'
[44.740s] INFO:colcon.colcon_core.shell:Creating prefix util module '/root/ros2_ws/install/_local_setup_util_sh.py'
[44.744s] INFO:colcon.colcon_core.shell:Creating prefix chain script '/root/ros2_ws/install/setup.sh'
[44.753s] INFO:colcon.colcon_core.shell:Creating prefix script '/root/ros2_ws/install/local_setup.bash'
[44.758s] INFO:colcon.colcon_core.shell:Creating prefix chain script '/root/ros2_ws/install/setup.bash'
[44.765s] INFO:colcon.colcon_core.shell:Creating prefix script '/root/ros2_ws/install/local_setup.zsh'
[44.769s] INFO:colcon.colcon_core.shell:Creating prefix chain script '/root/ros2_ws/install/setup.zsh'
