[0.049s] Invoking command in '/root/ros2_ws/build/printer_system': CMAKE_PREFIX_PATH=/opt/ros/humble:/root/ros2_ws/install/printer_system /usr/bin/cmake /root/ros2_ws/src/printer_system -DCMAKE_INSTALL_PREFIX=/root/ros2_ws/install/printer_system
[0.285s] -- The C compiler identification is GNU 11.4.0
[0.440s] -- The CXX compiler identification is GNU 11.4.0
[0.465s] -- Detecting C compiler ABI info
[0.794s] -- Detecting C compiler ABI info - done
[0.838s] -- Check for working C compiler: /usr/bin/cc - skipped
[0.840s] -- Detecting C compile features
[0.842s] -- Detecting C compile features - done
[0.862s] -- Detecting CXX compiler ABI info
[1.075s] -- Detecting CXX compiler ABI info - done
[1.122s] -- Check for working CXX compiler: /usr/bin/c++ - skipped
[1.123s] -- Detecting CXX compile features
[1.126s] -- Detecting CXX compile features - done
[1.146s] -- Found ament_cmake: 1.3.11 (/opt/ros/humble/share/ament_cmake/cmake)
[1.728s] -- Found Python3: /usr/bin/python3 (found version "3.10.12") found components: Interpreter 
[2.090s] -- Found rclpy: 3.3.16 (/opt/ros/humble/share/rclpy/cmake)
[2.103s] -- Found rosidl_default_generators: 1.2.0 (/opt/ros/humble/share/rosidl_default_generators/cmake)
[2.127s] -- Using all available rosidl_typesupport_c: rosidl_typesupport_fastrtps_c;rosidl_typesupport_introspection_c
[2.183s] -- Found rosidl_adapter: 3.1.6 (/opt/ros/humble/share/rosidl_adapter/cmake)
[2.476s] -- Using all available rosidl_typesupport_cpp: rosidl_typesupport_fastrtps_cpp;rosidl_typesupport_introspection_cpp
[2.719s] -- Found builtin_interfaces: 1.2.1 (/opt/ros/humble/share/builtin_interfaces/cmake)
[3.879s] -- Found ament_cmake_ros: 0.10.0 (/opt/ros/humble/share/ament_cmake_ros/cmake)
[4.640s] -- Using all available rosidl_typesupport_c: rosidl_typesupport_fastrtps_c;rosidl_typesupport_introspection_c
[5.648s] -- Using all available rosidl_typesupport_cpp: rosidl_typesupport_fastrtps_cpp;rosidl_typesupport_introspection_cpp
[5.780s] -- Found PythonInterp: /usr/bin/python3 (found suitable version "3.10.12", minimum required is "3.6") 
[5.807s] -- Found python_cmake_module: 0.10.0 (/opt/ros/humble/share/python_cmake_module/cmake)
[5.893s] -- Found PythonLibs: /usr/lib/x86_64-linux-gnu/libpython3.10.so (found suitable version "3.10.12", minimum required is "3.5") 
[5.894s] -- Using PYTHON_EXECUTABLE: /usr/bin/python3
[5.894s] -- Using PYTHON_INCLUDE_DIRS: /usr/include/python3.10
[5.895s] -- Using PYTHON_LIBRARIES: /usr/lib/x86_64-linux-gnu/libpython3.10.so
[6.052s] -- Found PythonExtra: .so  
[6.410s] -- Configuring done
[6.704s] -- Generating done
[6.771s] -- Build files have been written to: /root/ros2_ws/build/printer_system
[6.806s] Invoked command in '/root/ros2_ws/build/printer_system' returned '0': CMAKE_PREFIX_PATH=/opt/ros/humble:/root/ros2_ws/install/printer_system /usr/bin/cmake /root/ros2_ws/src/printer_system -DCMAKE_INSTALL_PREFIX=/root/ros2_ws/install/printer_system
[6.808s] Invoking command in '/root/ros2_ws/build/printer_system': CMAKE_PREFIX_PATH=/opt/ros/humble:/root/ros2_ws/install/printer_system /usr/bin/cmake --build /root/ros2_ws/build/printer_system -- -j8 -l8
[7.062s] [  3%] [34m[1mGenerating C code for ROS interfaces[0m
[7.211s] [  6%] [34m[1mGenerating C++ code for ROS interfaces[0m
[7.274s] [  6%] Built target ament_cmake_python_copy_printer_system
[9.108s] running egg_info
[9.110s] creating printer_system.egg-info
[9.111s] writing printer_system.egg-info/PKG-INFO
[9.113s] writing dependency_links to printer_system.egg-info/dependency_links.txt
[9.115s] writing top-level names to printer_system.egg-info/top_level.txt
[9.116s] writing manifest file 'printer_system.egg-info/SOURCES.txt'
[9.128s] reading manifest file 'printer_system.egg-info/SOURCES.txt'
[9.133s] writing manifest file 'printer_system.egg-info/SOURCES.txt'
[9.296s] [  6%] Built target ament_cmake_python_build_printer_system_egg
[10.059s] [  9%] [32mBuilding C object CMakeFiles/printer_system__rosidl_generator_c.dir/rosidl_generator_c/printer_system/srv/detail/print_job__functions.c.o[0m
[10.406s] [ 12%] [32m[1mLinking C shared library libprinter_system__rosidl_generator_c.so[0m
[10.534s] [ 12%] Built target printer_system__cpp
[10.577s] [ 16%] [34m[1mGenerating C++ introspection for ROS interfaces[0m
[10.578s] [ 19%] [34m[1mGenerating C++ type support for eProsima Fast-RTPS[0m
[10.598s] [ 22%] [34m[1mGenerating C++ type support dispatch for ROS interfaces[0m
[10.694s] [ 22%] Built target printer_system__rosidl_generator_c
[10.764s] [ 25%] [34m[1mGenerating C introspection for ROS interfaces[0m
[10.790s] [ 29%] [34m[1mGenerating C type support dispatch for ROS interfaces[0m
[10.810s] [ 32%] [34m[1mGenerating C type support for eProsima Fast-RTPS[0m
[12.670s] [ 35%] [32mBuilding CXX object CMakeFiles/printer_system__rosidl_typesupport_cpp.dir/rosidl_typesupport_cpp/printer_system/srv/print_job__type_support.cpp.o[0m
[12.816s] [ 38%] [32mBuilding CXX object CMakeFiles/printer_system__rosidl_typesupport_introspection_cpp.dir/rosidl_typesupport_introspection_cpp/printer_system/srv/detail/print_job__type_support.cpp.o[0m
[13.316s] [ 41%] [32mBuilding C object CMakeFiles/printer_system__rosidl_typesupport_introspection_c.dir/rosidl_typesupport_introspection_c/printer_system/srv/detail/print_job__type_support.c.o[0m
[13.368s] [ 45%] [32mBuilding CXX object CMakeFiles/printer_system__rosidl_typesupport_fastrtps_c.dir/rosidl_typesupport_fastrtps_c/printer_system/srv/detail/print_job__type_support_c.cpp.o[0m
[13.424s] [ 48%] [32mBuilding CXX object CMakeFiles/printer_system__rosidl_typesupport_c.dir/rosidl_typesupport_c/printer_system/srv/print_job__type_support.cpp.o[0m
[13.688s] [ 51%] [32m[1mLinking C shared library libprinter_system__rosidl_typesupport_introspection_c.so[0m
[13.750s] [ 54%] [32m[1mLinking CXX shared library libprinter_system__rosidl_typesupport_c.so[0m
[13.807s] [ 58%] [32mBuilding CXX object CMakeFiles/printer_system__rosidl_typesupport_fastrtps_cpp.dir/rosidl_typesupport_fastrtps_cpp/printer_system/srv/detail/dds_fastrtps/print_job__type_support.cpp.o[0m
[14.011s] [ 58%] Built target printer_system__rosidl_typesupport_introspection_c
[14.086s] [ 58%] Built target printer_system__rosidl_typesupport_c
[14.565s] [ 61%] [32m[1mLinking CXX shared library libprinter_system__rosidl_typesupport_cpp.so[0m
[14.805s] [ 61%] Built target printer_system__rosidl_typesupport_cpp
[15.803s] [ 64%] [32m[1mLinking CXX shared library libprinter_system__rosidl_typesupport_fastrtps_c.so[0m
[16.180s] [ 64%] Built target printer_system__rosidl_typesupport_fastrtps_c
[16.359s] [ 67%] [32m[1mLinking CXX shared library libprinter_system__rosidl_typesupport_introspection_cpp.so[0m
[16.414s] [ 70%] [32m[1mLinking CXX shared library libprinter_system__rosidl_typesupport_fastrtps_cpp.so[0m
[16.763s] [ 70%] Built target printer_system__rosidl_typesupport_introspection_cpp
[16.885s] [ 70%] Built target printer_system__rosidl_typesupport_fastrtps_cpp
[16.969s] [ 70%] Built target printer_system
[17.033s] [ 74%] [34m[1mGenerating Python code for ROS interfaces[0m
[18.451s] [ 74%] Built target printer_system__py
[18.543s] [ 77%] [32mBuilding C object CMakeFiles/printer_system__rosidl_generator_py.dir/rosidl_generator_py/printer_system/srv/_print_job_s.c.o[0m
[19.196s] [ 80%] [32m[1mLinking C shared library rosidl_generator_py/printer_system/libprinter_system__rosidl_generator_py.so[0m
[19.392s] [ 80%] Built target printer_system__rosidl_generator_py
[19.452s] [ 83%] [32mBuilding C object CMakeFiles/printer_system__rosidl_typesupport_fastrtps_c__pyext.dir/rosidl_generator_py/printer_system/_printer_system_s.ep.rosidl_typesupport_fastrtps_c.c.o[0m
[19.464s] [ 87%] [32mBuilding C object CMakeFiles/printer_system__rosidl_typesupport_c__pyext.dir/rosidl_generator_py/printer_system/_printer_system_s.ep.rosidl_typesupport_c.c.o[0m
[19.471s] [ 90%] [32mBuilding C object CMakeFiles/printer_system__rosidl_typesupport_introspection_c__pyext.dir/rosidl_generator_py/printer_system/_printer_system_s.ep.rosidl_typesupport_introspection_c.c.o[0m
[19.785s] [ 93%] [32m[1mLinking C shared library rosidl_generator_py/printer_system/printer_system_s__rosidl_typesupport_fastrtps_c.cpython-310-x86_64-linux-gnu.so[0m
[19.808s] [ 96%] [32m[1mLinking C shared library rosidl_generator_py/printer_system/printer_system_s__rosidl_typesupport_c.cpython-310-x86_64-linux-gnu.so[0m
[19.957s] [ 96%] Built target printer_system__rosidl_typesupport_c__pyext
[20.013s] [ 96%] Built target printer_system__rosidl_typesupport_fastrtps_c__pyext
[20.234s] [100%] [32m[1mLinking C shared library rosidl_generator_py/printer_system/printer_system_s__rosidl_typesupport_introspection_c.cpython-310-x86_64-linux-gnu.so[0m
[20.429s] [100%] Built target printer_system__rosidl_typesupport_introspection_c__pyext
[20.499s] Invoked command in '/root/ros2_ws/build/printer_system' returned '0': CMAKE_PREFIX_PATH=/opt/ros/humble:/root/ros2_ws/install/printer_system /usr/bin/cmake --build /root/ros2_ws/build/printer_system -- -j8 -l8
[20.526s] Invoking command in '/root/ros2_ws/build/printer_system': CMAKE_PREFIX_PATH=/opt/ros/humble:/root/ros2_ws/install/printer_system /usr/bin/cmake --install /root/ros2_ws/build/printer_system
[20.551s] -- Install configuration: ""
[20.552s] -- Installing: /root/ros2_ws/install/printer_system/share/ament_index/resource_index/rosidl_interfaces/printer_system
[20.552s] -- Installing: /root/ros2_ws/install/printer_system/include/printer_system/printer_system
[20.553s] -- Installing: /root/ros2_ws/install/printer_system/include/printer_system/printer_system/msg
[20.554s] -- Installing: /root/ros2_ws/install/printer_system/include/printer_system/printer_system/msg/rosidl_generator_c__visibility_control.h
[20.554s] -- Installing: /root/ros2_ws/install/printer_system/include/printer_system/printer_system/srv
[20.555s] -- Installing: /root/ros2_ws/install/printer_system/include/printer_system/printer_system/srv/detail
[20.555s] -- Installing: /root/ros2_ws/install/printer_system/include/printer_system/printer_system/srv/detail/print_job__functions.c
[20.556s] -- Installing: /root/ros2_ws/install/printer_system/include/printer_system/printer_system/srv/detail/print_job__type_support.h
[20.556s] -- Installing: /root/ros2_ws/install/printer_system/include/printer_system/printer_system/srv/detail/print_job__functions.h
[20.556s] -- Installing: /root/ros2_ws/install/printer_system/include/printer_system/printer_system/srv/detail/print_job__struct.h
[20.556s] -- Installing: /root/ros2_ws/install/printer_system/include/printer_system/printer_system/srv/print_job.h
[20.557s] -- Installing: /root/ros2_ws/install/printer_system/share/printer_system/environment/library_path.sh
[20.557s] -- Installing: /root/ros2_ws/install/printer_system/share/printer_system/environment/library_path.dsv
[20.558s] -- Installing: /root/ros2_ws/install/printer_system/lib/libprinter_system__rosidl_generator_c.so
[20.558s] -- Set runtime path of "/root/ros2_ws/install/printer_system/lib/libprinter_system__rosidl_generator_c.so" to ""
[20.559s] -- Up-to-date: /root/ros2_ws/install/printer_system/include/printer_system/printer_system
[20.559s] -- Up-to-date: /root/ros2_ws/install/printer_system/include/printer_system/printer_system/msg
[20.559s] -- Installing: /root/ros2_ws/install/printer_system/include/printer_system/printer_system/msg/rosidl_typesupport_fastrtps_c__visibility_control.h
[20.560s] -- Up-to-date: /root/ros2_ws/install/printer_system/include/printer_system/printer_system/srv
[20.560s] -- Up-to-date: /root/ros2_ws/install/printer_system/include/printer_system/printer_system/srv/detail
[20.560s] -- Installing: /root/ros2_ws/install/printer_system/include/printer_system/printer_system/srv/detail/print_job__rosidl_typesupport_fastrtps_c.h
[20.561s] -- Installing: /root/ros2_ws/install/printer_system/lib/libprinter_system__rosidl_typesupport_fastrtps_c.so
[20.561s] -- Set runtime path of "/root/ros2_ws/install/printer_system/lib/libprinter_system__rosidl_typesupport_fastrtps_c.so" to ""
[20.562s] -- Up-to-date: /root/ros2_ws/install/printer_system/include/printer_system/printer_system
[20.562s] -- Up-to-date: /root/ros2_ws/install/printer_system/include/printer_system/printer_system/msg
[20.563s] -- Installing: /root/ros2_ws/install/printer_system/include/printer_system/printer_system/msg/rosidl_typesupport_introspection_c__visibility_control.h
[20.563s] -- Up-to-date: /root/ros2_ws/install/printer_system/include/printer_system/printer_system/srv
[20.563s] -- Up-to-date: /root/ros2_ws/install/printer_system/include/printer_system/printer_system/srv/detail
[20.564s] -- Installing: /root/ros2_ws/install/printer_system/include/printer_system/printer_system/srv/detail/print_job__rosidl_typesupport_introspection_c.h
[20.564s] -- Installing: /root/ros2_ws/install/printer_system/include/printer_system/printer_system/srv/detail/print_job__type_support.c
[20.564s] -- Installing: /root/ros2_ws/install/printer_system/lib/libprinter_system__rosidl_typesupport_introspection_c.so
[20.565s] -- Set runtime path of "/root/ros2_ws/install/printer_system/lib/libprinter_system__rosidl_typesupport_introspection_c.so" to ""
[20.565s] -- Installing: /root/ros2_ws/install/printer_system/lib/libprinter_system__rosidl_typesupport_c.so
[20.566s] -- Set runtime path of "/root/ros2_ws/install/printer_system/lib/libprinter_system__rosidl_typesupport_c.so" to ""
[20.567s] -- Up-to-date: /root/ros2_ws/install/printer_system/include/printer_system/printer_system
[20.567s] -- Up-to-date: /root/ros2_ws/install/printer_system/include/printer_system/printer_system/msg
[20.567s] -- Installing: /root/ros2_ws/install/printer_system/include/printer_system/printer_system/msg/rosidl_generator_cpp__visibility_control.hpp
[20.568s] -- Up-to-date: /root/ros2_ws/install/printer_system/include/printer_system/printer_system/srv
[20.569s] -- Installing: /root/ros2_ws/install/printer_system/include/printer_system/printer_system/srv/print_job.hpp
[20.569s] -- Up-to-date: /root/ros2_ws/install/printer_system/include/printer_system/printer_system/srv/detail
[20.569s] -- Installing: /root/ros2_ws/install/printer_system/include/printer_system/printer_system/srv/detail/print_job__struct.hpp
[20.570s] -- Installing: /root/ros2_ws/install/printer_system/include/printer_system/printer_system/srv/detail/print_job__builder.hpp
[20.570s] -- Installing: /root/ros2_ws/install/printer_system/include/printer_system/printer_system/srv/detail/print_job__type_support.hpp
[20.571s] -- Installing: /root/ros2_ws/install/printer_system/include/printer_system/printer_system/srv/detail/print_job__traits.hpp
[20.572s] -- Up-to-date: /root/ros2_ws/install/printer_system/include/printer_system/printer_system
[20.573s] -- Up-to-date: /root/ros2_ws/install/printer_system/include/printer_system/printer_system/msg
[20.573s] -- Installing: /root/ros2_ws/install/printer_system/include/printer_system/printer_system/msg/rosidl_typesupport_fastrtps_cpp__visibility_control.h
[20.574s] -- Up-to-date: /root/ros2_ws/install/printer_system/include/printer_system/printer_system/srv
[20.575s] -- Up-to-date: /root/ros2_ws/install/printer_system/include/printer_system/printer_system/srv/detail
[20.576s] -- Installing: /root/ros2_ws/install/printer_system/include/printer_system/printer_system/srv/detail/dds_fastrtps
[20.576s] -- Installing: /root/ros2_ws/install/printer_system/include/printer_system/printer_system/srv/detail/print_job__rosidl_typesupport_fastrtps_cpp.hpp
[20.577s] -- Installing: /root/ros2_ws/install/printer_system/lib/libprinter_system__rosidl_typesupport_fastrtps_cpp.so
[20.578s] -- Set runtime path of "/root/ros2_ws/install/printer_system/lib/libprinter_system__rosidl_typesupport_fastrtps_cpp.so" to ""
[20.578s] -- Up-to-date: /root/ros2_ws/install/printer_system/include/printer_system/printer_system
[20.579s] -- Up-to-date: /root/ros2_ws/install/printer_system/include/printer_system/printer_system/srv
[20.580s] -- Up-to-date: /root/ros2_ws/install/printer_system/include/printer_system/printer_system/srv/detail
[20.580s] -- Installing: /root/ros2_ws/install/printer_system/include/printer_system/printer_system/srv/detail/print_job__type_support.cpp
[20.581s] -- Installing: /root/ros2_ws/install/printer_system/include/printer_system/printer_system/srv/detail/print_job__rosidl_typesupport_introspection_cpp.hpp
[20.582s] -- Installing: /root/ros2_ws/install/printer_system/lib/libprinter_system__rosidl_typesupport_introspection_cpp.so
[20.582s] -- Set runtime path of "/root/ros2_ws/install/printer_system/lib/libprinter_system__rosidl_typesupport_introspection_cpp.so" to ""
[20.583s] -- Installing: /root/ros2_ws/install/printer_system/lib/libprinter_system__rosidl_typesupport_cpp.so
[20.584s] -- Set runtime path of "/root/ros2_ws/install/printer_system/lib/libprinter_system__rosidl_typesupport_cpp.so" to ""
[20.585s] -- Installing: /root/ros2_ws/install/printer_system/share/printer_system/environment/pythonpath.sh
[20.585s] -- Installing: /root/ros2_ws/install/printer_system/share/printer_system/environment/pythonpath.dsv
[20.586s] -- Installing: /root/ros2_ws/install/printer_system/local/lib/python3.10/dist-packages/printer_system-0.0.0-py3.10.egg-info
[20.586s] -- Installing: /root/ros2_ws/install/printer_system/local/lib/python3.10/dist-packages/printer_system-0.0.0-py3.10.egg-info/top_level.txt
[20.587s] -- Installing: /root/ros2_ws/install/printer_system/local/lib/python3.10/dist-packages/printer_system-0.0.0-py3.10.egg-info/PKG-INFO
[20.588s] -- Installing: /root/ros2_ws/install/printer_system/local/lib/python3.10/dist-packages/printer_system-0.0.0-py3.10.egg-info/SOURCES.txt
[20.589s] -- Installing: /root/ros2_ws/install/printer_system/local/lib/python3.10/dist-packages/printer_system-0.0.0-py3.10.egg-info/dependency_links.txt
[20.589s] -- Installing: /root/ros2_ws/install/printer_system/local/lib/python3.10/dist-packages/printer_system
[20.590s] -- Installing: /root/ros2_ws/install/printer_system/local/lib/python3.10/dist-packages/printer_system/printer_system_s__rosidl_typesupport_c.cpython-310-x86_64-linux-gnu.so
[20.590s] -- Installing: /root/ros2_ws/install/printer_system/local/lib/python3.10/dist-packages/printer_system/libprinter_system__rosidl_generator_py.so
[20.591s] -- Installing: /root/ros2_ws/install/printer_system/local/lib/python3.10/dist-packages/printer_system/_printer_system_s.ep.rosidl_typesupport_introspection_c.c
[20.591s] -- Installing: /root/ros2_ws/install/printer_system/local/lib/python3.10/dist-packages/printer_system/printer_system_s__rosidl_typesupport_fastrtps_c.cpython-310-x86_64-linux-gnu.so
[20.592s] -- Installing: /root/ros2_ws/install/printer_system/local/lib/python3.10/dist-packages/printer_system/printer_system_s__rosidl_typesupport_introspection_c.cpython-310-x86_64-linux-gnu.so
[20.593s] -- Installing: /root/ros2_ws/install/printer_system/local/lib/python3.10/dist-packages/printer_system/srv
[20.593s] -- Installing: /root/ros2_ws/install/printer_system/local/lib/python3.10/dist-packages/printer_system/srv/_print_job.py
[20.594s] -- Installing: /root/ros2_ws/install/printer_system/local/lib/python3.10/dist-packages/printer_system/srv/_print_job_s.c
[20.594s] -- Installing: /root/ros2_ws/install/printer_system/local/lib/python3.10/dist-packages/printer_system/srv/__init__.py
[20.595s] -- Installing: /root/ros2_ws/install/printer_system/local/lib/python3.10/dist-packages/printer_system/_printer_system_s.ep.rosidl_typesupport_c.c
[20.596s] -- Installing: /root/ros2_ws/install/printer_system/local/lib/python3.10/dist-packages/printer_system/_printer_system_s.ep.rosidl_typesupport_fastrtps_c.c
[20.596s] -- Installing: /root/ros2_ws/install/printer_system/local/lib/python3.10/dist-packages/printer_system/__init__.py
[20.807s] Listing '/root/ros2_ws/install/printer_system/local/lib/python3.10/dist-packages/printer_system'...
[20.808s] Compiling '/root/ros2_ws/install/printer_system/local/lib/python3.10/dist-packages/printer_system/__init__.py'...
[20.808s] Listing '/root/ros2_ws/install/printer_system/local/lib/python3.10/dist-packages/printer_system/srv'...
[20.809s] Compiling '/root/ros2_ws/install/printer_system/local/lib/python3.10/dist-packages/printer_system/srv/__init__.py'...
[20.809s] Compiling '/root/ros2_ws/install/printer_system/local/lib/python3.10/dist-packages/printer_system/srv/_print_job.py'...
[20.836s] -- Installing: /root/ros2_ws/install/printer_system/local/lib/python3.10/dist-packages/printer_system/printer_system_s__rosidl_typesupport_fastrtps_c.cpython-310-x86_64-linux-gnu.so
[20.837s] -- Set runtime path of "/root/ros2_ws/install/printer_system/local/lib/python3.10/dist-packages/printer_system/printer_system_s__rosidl_typesupport_fastrtps_c.cpython-310-x86_64-linux-gnu.so" to ""
[20.837s] -- Installing: /root/ros2_ws/install/printer_system/local/lib/python3.10/dist-packages/printer_system/printer_system_s__rosidl_typesupport_introspection_c.cpython-310-x86_64-linux-gnu.so
[20.839s] -- Set runtime path of "/root/ros2_ws/install/printer_system/local/lib/python3.10/dist-packages/printer_system/printer_system_s__rosidl_typesupport_introspection_c.cpython-310-x86_64-linux-gnu.so" to ""
[20.839s] -- Installing: /root/ros2_ws/install/printer_system/local/lib/python3.10/dist-packages/printer_system/printer_system_s__rosidl_typesupport_c.cpython-310-x86_64-linux-gnu.so
[20.841s] -- Set runtime path of "/root/ros2_ws/install/printer_system/local/lib/python3.10/dist-packages/printer_system/printer_system_s__rosidl_typesupport_c.cpython-310-x86_64-linux-gnu.so" to ""
[20.841s] -- Installing: /root/ros2_ws/install/printer_system/lib/libprinter_system__rosidl_generator_py.so
[20.842s] -- Set runtime path of "/root/ros2_ws/install/printer_system/lib/libprinter_system__rosidl_generator_py.so" to ""
[20.843s] -- Installing: /root/ros2_ws/install/printer_system/share/printer_system/srv/PrintJob.idl
[20.843s] -- Installing: /root/ros2_ws/install/printer_system/share/printer_system/srv/PrintJob.srv
[20.844s] -- Installing: /root/ros2_ws/install/printer_system/share/printer_system/srv/PrintJob_Request.msg
[20.845s] -- Installing: /root/ros2_ws/install/printer_system/share/printer_system/srv/PrintJob_Response.msg
[20.845s] -- Installing: /root/ros2_ws/install/printer_system/lib/python3.10/site-packages/printer_system
[20.846s] -- Installing: /root/ros2_ws/install/printer_system/lib/python3.10/site-packages/printer_system/printer_node.py
[20.846s] -- Installing: /root/ros2_ws/install/printer_system/lib/python3.10/site-packages/printer_system/__init__.py
[20.847s] -- Installing: /root/ros2_ws/install/printer_system/lib/python3.10/site-packages/printer_system/client_node.py
[20.847s] -- Installing: /root/ros2_ws/install/printer_system/lib/printer_system/printer_node.py
[20.848s] -- Installing: /root/ros2_ws/install/printer_system/lib/printer_system/client_node.py
[20.848s] -- Installing: /root/ros2_ws/install/printer_system/share/ament_index/resource_index/package_run_dependencies/printer_system
[20.849s] -- Installing: /root/ros2_ws/install/printer_system/share/ament_index/resource_index/parent_prefix_path/printer_system
[20.850s] -- Installing: /root/ros2_ws/install/printer_system/share/printer_system/environment/ament_prefix_path.sh
[20.850s] -- Installing: /root/ros2_ws/install/printer_system/share/printer_system/environment/ament_prefix_path.dsv
[20.851s] -- Installing: /root/ros2_ws/install/printer_system/share/printer_system/environment/path.sh
[20.852s] -- Installing: /root/ros2_ws/install/printer_system/share/printer_system/environment/path.dsv
[20.853s] -- Installing: /root/ros2_ws/install/printer_system/share/printer_system/local_setup.bash
[20.853s] -- Installing: /root/ros2_ws/install/printer_system/share/printer_system/local_setup.sh
[20.854s] -- Installing: /root/ros2_ws/install/printer_system/share/printer_system/local_setup.zsh
[20.854s] -- Installing: /root/ros2_ws/install/printer_system/share/printer_system/local_setup.dsv
[20.855s] -- Installing: /root/ros2_ws/install/printer_system/share/printer_system/package.dsv
[20.856s] -- Installing: /root/ros2_ws/install/printer_system/share/ament_index/resource_index/packages/printer_system
[20.856s] -- Installing: /root/ros2_ws/install/printer_system/share/printer_system/cmake/export_printer_system__rosidl_generator_cExport.cmake
[20.857s] -- Installing: /root/ros2_ws/install/printer_system/share/printer_system/cmake/export_printer_system__rosidl_generator_cExport-noconfig.cmake
[20.857s] -- Installing: /root/ros2_ws/install/printer_system/share/printer_system/cmake/export_printer_system__rosidl_typesupport_fastrtps_cExport.cmake
[20.858s] -- Installing: /root/ros2_ws/install/printer_system/share/printer_system/cmake/export_printer_system__rosidl_typesupport_fastrtps_cExport-noconfig.cmake
[20.858s] -- Installing: /root/ros2_ws/install/printer_system/share/printer_system/cmake/printer_system__rosidl_typesupport_introspection_cExport.cmake
[20.859s] -- Installing: /root/ros2_ws/install/printer_system/share/printer_system/cmake/printer_system__rosidl_typesupport_introspection_cExport-noconfig.cmake
[20.859s] -- Installing: /root/ros2_ws/install/printer_system/share/printer_system/cmake/printer_system__rosidl_typesupport_cExport.cmake
[20.860s] -- Installing: /root/ros2_ws/install/printer_system/share/printer_system/cmake/printer_system__rosidl_typesupport_cExport-noconfig.cmake
[20.860s] -- Installing: /root/ros2_ws/install/printer_system/share/printer_system/cmake/export_printer_system__rosidl_generator_cppExport.cmake
[20.861s] -- Installing: /root/ros2_ws/install/printer_system/share/printer_system/cmake/export_printer_system__rosidl_typesupport_fastrtps_cppExport.cmake
[20.862s] -- Installing: /root/ros2_ws/install/printer_system/share/printer_system/cmake/export_printer_system__rosidl_typesupport_fastrtps_cppExport-noconfig.cmake
[20.862s] -- Installing: /root/ros2_ws/install/printer_system/share/printer_system/cmake/printer_system__rosidl_typesupport_introspection_cppExport.cmake
[20.863s] -- Installing: /root/ros2_ws/install/printer_system/share/printer_system/cmake/printer_system__rosidl_typesupport_introspection_cppExport-noconfig.cmake
[20.864s] -- Installing: /root/ros2_ws/install/printer_system/share/printer_system/cmake/printer_system__rosidl_typesupport_cppExport.cmake
[20.864s] -- Installing: /root/ros2_ws/install/printer_system/share/printer_system/cmake/printer_system__rosidl_typesupport_cppExport-noconfig.cmake
[20.864s] -- Installing: /root/ros2_ws/install/printer_system/share/printer_system/cmake/export_printer_system__rosidl_generator_pyExport.cmake
[20.865s] -- Installing: /root/ros2_ws/install/printer_system/share/printer_system/cmake/export_printer_system__rosidl_generator_pyExport-noconfig.cmake
[20.865s] -- Installing: /root/ros2_ws/install/printer_system/share/printer_system/cmake/rosidl_cmake-extras.cmake
[20.866s] -- Installing: /root/ros2_ws/install/printer_system/share/printer_system/cmake/ament_cmake_export_dependencies-extras.cmake
[20.867s] -- Installing: /root/ros2_ws/install/printer_system/share/printer_system/cmake/ament_cmake_export_include_directories-extras.cmake
[20.868s] -- Installing: /root/ros2_ws/install/printer_system/share/printer_system/cmake/ament_cmake_export_libraries-extras.cmake
[20.868s] -- Installing: /root/ros2_ws/install/printer_system/share/printer_system/cmake/ament_cmake_export_targets-extras.cmake
[20.869s] -- Installing: /root/ros2_ws/install/printer_system/share/printer_system/cmake/rosidl_cmake_export_typesupport_targets-extras.cmake
[20.870s] -- Installing: /root/ros2_ws/install/printer_system/share/printer_system/cmake/rosidl_cmake_export_typesupport_libraries-extras.cmake
[20.871s] -- Installing: /root/ros2_ws/install/printer_system/share/printer_system/cmake/printer_systemConfig.cmake
[20.872s] -- Installing: /root/ros2_ws/install/printer_system/share/printer_system/cmake/printer_systemConfig-version.cmake
[20.872s] -- Installing: /root/ros2_ws/install/printer_system/share/printer_system/package.xml
[20.877s] Invoked command in '/root/ros2_ws/build/printer_system' returned '0': CMAKE_PREFIX_PATH=/opt/ros/humble:/root/ros2_ws/install/printer_system /usr/bin/cmake --install /root/ros2_ws/build/printer_system
