[0.288s] DEBUG:colcon:Command line arguments: ['/usr/bin/colcon', 'build', '--packages-select', 'printer_system']
[0.288s] DEBUG:colcon:Parsed command line arguments: Namespace(log_base=None, log_level=None, verb_name='build', build_base='build', install_base='install', merge_install=False, symlink_install=False, test_result_base=None, continue_on_error=False, executor='parallel', parallel_workers=8, event_handlers=None, ignore_user_meta=False, metas=['./colcon.meta'], base_paths=['.'], packages_ignore=None, packages_ignore_regex=None, paths=None, packages_up_to=None, packages_up_to_regex=None, packages_above=None, packages_above_and_dependencies=None, packages_above_depth=None, packages_select_by_dep=None, packages_skip_by_dep=None, packages_skip_up_to=None, packages_select_build_failed=False, packages_skip_build_finished=False, packages_select_test_failures=False, packages_skip_test_passed=False, packages_select=['printer_system'], packages_skip=None, packages_select_regex=None, packages_skip_regex=None, packages_start=None, packages_end=None, cmake_args=None, cmake_target=None, cmake_target_skip_unavailable=False, cmake_clean_cache=False, cmake_clean_first=False, cmake_force_configure=False, ament_cmake_args=None, catkin_cmake_args=None, catkin_skip_building_tests=False, mixin_files=None, mixin=None, verb_parser=<colcon_mixin.mixin.mixin_argument.MixinArgumentDecorator object at 0x7f8a4645b3d0>, verb_extension=<colcon_core.verb.build.BuildVerb object at 0x7f8a4645a560>, main=<bound method BuildVerb.main of <colcon_core.verb.build.BuildVerb object at 0x7f8a4645a560>>, mixin_verb=('build',))
[0.831s] Level 1:colcon.colcon_core.package_discovery:discover_packages(colcon_meta) check parameters
[0.834s] INFO:colcon.colcon_metadata.package_discovery.colcon_meta:Using configuration from '/root/.colcon/metadata/default/Gazebo.meta'
[0.836s] INFO:colcon.colcon_metadata.package_discovery.colcon_meta:Using configuration from '/root/.colcon/metadata/default/fastrtps.meta'
[0.836s] Level 1:colcon.colcon_core.package_discovery:discover_packages(recursive) check parameters
[0.836s] Level 1:colcon.colcon_core.package_discovery:discover_packages(ignore) check parameters
[0.836s] Level 1:colcon.colcon_core.package_discovery:discover_packages(path) check parameters
[0.837s] Level 1:colcon.colcon_core.package_discovery:discover_packages(colcon_meta) discover
[0.837s] Level 1:colcon.colcon_core.package_discovery:discover_packages(recursive) discover
[0.837s] INFO:colcon.colcon_core.package_discovery:Crawling recursively for packages in '/root/ros2_ws'
[0.837s] Level 1:colcon.colcon_core.package_identification:_identify(.) by extensions ['ignore', 'ignore_ament_install']
[0.838s] Level 1:colcon.colcon_core.package_identification:_identify(.) by extension 'ignore'
[0.838s] Level 1:colcon.colcon_core.package_identification:_identify(.) by extension 'ignore_ament_install'
[0.838s] Level 1:colcon.colcon_core.package_identification:_identify(.) by extensions ['colcon_pkg']
[0.838s] Level 1:colcon.colcon_core.package_identification:_identify(.) by extension 'colcon_pkg'
[0.839s] Level 1:colcon.colcon_core.package_identification:_identify(.) by extensions ['colcon_meta']
[0.839s] Level 1:colcon.colcon_core.package_identification:_identify(.) by extension 'colcon_meta'
[0.839s] Level 1:colcon.colcon_core.package_identification:_identify(.) by extensions ['ros']
[0.839s] Level 1:colcon.colcon_core.package_identification:_identify(.) by extension 'ros'
[0.886s] Level 1:colcon.colcon_core.package_identification:_identify(.) by extensions ['cmake', 'python']
[0.886s] Level 1:colcon.colcon_core.package_identification:_identify(.) by extension 'cmake'
[0.887s] Level 1:colcon.colcon_core.package_identification:_identify(.) by extension 'python'
[0.887s] Level 1:colcon.colcon_core.package_identification:_identify(.) by extensions ['python_setup_py']
[0.887s] Level 1:colcon.colcon_core.package_identification:_identify(.) by extension 'python_setup_py'
[0.887s] Level 1:colcon.colcon_core.package_identification:_identify(build) by extensions ['ignore', 'ignore_ament_install']
[0.888s] Level 1:colcon.colcon_core.package_identification:_identify(build) by extension 'ignore'
[0.888s] Level 1:colcon.colcon_core.package_identification:_identify(build) ignored
[0.889s] Level 1:colcon.colcon_core.package_identification:_identify(install) by extensions ['ignore', 'ignore_ament_install']
[0.889s] Level 1:colcon.colcon_core.package_identification:_identify(install) by extension 'ignore'
[0.889s] Level 1:colcon.colcon_core.package_identification:_identify(install) ignored
[0.889s] Level 1:colcon.colcon_core.package_identification:_identify(log) by extensions ['ignore', 'ignore_ament_install']
[0.890s] Level 1:colcon.colcon_core.package_identification:_identify(log) by extension 'ignore'
[0.890s] Level 1:colcon.colcon_core.package_identification:_identify(log) ignored
[0.890s] Level 1:colcon.colcon_core.package_identification:_identify(src) by extensions ['ignore', 'ignore_ament_install']
[0.891s] Level 1:colcon.colcon_core.package_identification:_identify(src) by extension 'ignore'
[0.891s] Level 1:colcon.colcon_core.package_identification:_identify(src) by extension 'ignore_ament_install'
[0.891s] Level 1:colcon.colcon_core.package_identification:_identify(src) by extensions ['colcon_pkg']
[0.891s] Level 1:colcon.colcon_core.package_identification:_identify(src) by extension 'colcon_pkg'
[0.891s] Level 1:colcon.colcon_core.package_identification:_identify(src) by extensions ['colcon_meta']
[0.891s] Level 1:colcon.colcon_core.package_identification:_identify(src) by extension 'colcon_meta'
[0.892s] Level 1:colcon.colcon_core.package_identification:_identify(src) by extensions ['ros']
[0.892s] Level 1:colcon.colcon_core.package_identification:_identify(src) by extension 'ros'
[0.892s] Level 1:colcon.colcon_core.package_identification:_identify(src) by extensions ['cmake', 'python']
[0.892s] Level 1:colcon.colcon_core.package_identification:_identify(src) by extension 'cmake'
[0.892s] Level 1:colcon.colcon_core.package_identification:_identify(src) by extension 'python'
[0.893s] Level 1:colcon.colcon_core.package_identification:_identify(src) by extensions ['python_setup_py']
[0.893s] Level 1:colcon.colcon_core.package_identification:_identify(src) by extension 'python_setup_py'
[0.893s] Level 1:colcon.colcon_core.package_identification:_identify(src/printer_system) by extensions ['ignore', 'ignore_ament_install']
[0.894s] Level 1:colcon.colcon_core.package_identification:_identify(src/printer_system) by extension 'ignore'
[0.894s] Level 1:colcon.colcon_core.package_identification:_identify(src/printer_system) by extension 'ignore_ament_install'
[0.894s] Level 1:colcon.colcon_core.package_identification:_identify(src/printer_system) by extensions ['colcon_pkg']
[0.894s] Level 1:colcon.colcon_core.package_identification:_identify(src/printer_system) by extension 'colcon_pkg'
[0.894s] Level 1:colcon.colcon_core.package_identification:_identify(src/printer_system) by extensions ['colcon_meta']
[0.894s] Level 1:colcon.colcon_core.package_identification:_identify(src/printer_system) by extension 'colcon_meta'
[0.895s] Level 1:colcon.colcon_core.package_identification:_identify(src/printer_system) by extensions ['ros']
[0.895s] Level 1:colcon.colcon_core.package_identification:_identify(src/printer_system) by extension 'ros'
[0.905s] DEBUG:colcon.colcon_core.package_identification:Package 'src/printer_system' with type 'ros.ament_cmake' and name 'printer_system'
[0.905s] Level 1:colcon.colcon_core.package_discovery:discover_packages(recursive) using defaults
[0.905s] Level 1:colcon.colcon_core.package_discovery:discover_packages(ignore) discover
[0.905s] Level 1:colcon.colcon_core.package_discovery:discover_packages(ignore) using defaults
[0.905s] Level 1:colcon.colcon_core.package_discovery:discover_packages(path) discover
[0.906s] Level 1:colcon.colcon_core.package_discovery:discover_packages(path) using defaults
[0.981s] Level 5:colcon.colcon_core.verb:set package 'printer_system' build argument 'cmake_args' from command line to 'None'
[0.982s] Level 5:colcon.colcon_core.verb:set package 'printer_system' build argument 'cmake_target' from command line to 'None'
[0.982s] Level 5:colcon.colcon_core.verb:set package 'printer_system' build argument 'cmake_target_skip_unavailable' from command line to 'False'
[0.982s] Level 5:colcon.colcon_core.verb:set package 'printer_system' build argument 'cmake_clean_cache' from command line to 'False'
[0.982s] Level 5:colcon.colcon_core.verb:set package 'printer_system' build argument 'cmake_clean_first' from command line to 'False'
[0.982s] Level 5:colcon.colcon_core.verb:set package 'printer_system' build argument 'cmake_force_configure' from command line to 'False'
[0.982s] Level 5:colcon.colcon_core.verb:set package 'printer_system' build argument 'ament_cmake_args' from command line to 'None'
[0.982s] Level 5:colcon.colcon_core.verb:set package 'printer_system' build argument 'catkin_cmake_args' from command line to 'None'
[0.982s] Level 5:colcon.colcon_core.verb:set package 'printer_system' build argument 'catkin_skip_building_tests' from command line to 'False'
[0.983s] DEBUG:colcon.colcon_core.verb:Building package 'printer_system' with the following arguments: {'ament_cmake_args': None, 'build_base': '/root/ros2_ws/build/printer_system', 'catkin_cmake_args': None, 'catkin_skip_building_tests': False, 'cmake_args': None, 'cmake_clean_cache': False, 'cmake_clean_first': False, 'cmake_force_configure': False, 'cmake_target': None, 'cmake_target_skip_unavailable': False, 'install_base': '/root/ros2_ws/install/printer_system', 'merge_install': False, 'path': '/root/ros2_ws/src/printer_system', 'symlink_install': False, 'test_result_base': None}
[0.983s] INFO:colcon.colcon_core.executor:Executing jobs using 'parallel' executor
[0.986s] DEBUG:colcon.colcon_parallel_executor.executor.parallel:run_until_complete
[0.988s] INFO:colcon.colcon_ros.task.ament_cmake.build:Building ROS package in '/root/ros2_ws/src/printer_system' with build type 'ament_cmake'
[0.989s] INFO:colcon.colcon_cmake.task.cmake.build:Building CMake package in '/root/ros2_ws/src/printer_system'
[0.997s] INFO:colcon.colcon_core.plugin_system:Skipping extension 'colcon_core.shell.bat': Not used on non-Windows systems
[0.998s] INFO:colcon.colcon_core.shell:Skip shell extension 'powershell' for command environment: Not usable outside of PowerShell
[0.998s] DEBUG:colcon.colcon_core.shell:Skip shell extension 'dsv' for command environment
[1.003s] WARNING:colcon.colcon_ros.prefix_path.ament:The path '/root/ros2_ws/install/printer_system' in the environment variable AMENT_PREFIX_PATH doesn't exist
[1.040s] DEBUG:colcon.colcon_core.event_handler.log_command:Invoking command in '/root/ros2_ws/build/printer_system': CMAKE_PREFIX_PATH=/opt/ros/humble:/root/ros2_ws/install/printer_system /usr/bin/cmake /root/ros2_ws/src/printer_system -DCMAKE_INSTALL_PREFIX=/root/ros2_ws/install/printer_system
[7.796s] DEBUG:colcon.colcon_core.event_handler.log_command:Invoked command in '/root/ros2_ws/build/printer_system' returned '0': CMAKE_PREFIX_PATH=/opt/ros/humble:/root/ros2_ws/install/printer_system /usr/bin/cmake /root/ros2_ws/src/printer_system -DCMAKE_INSTALL_PREFIX=/root/ros2_ws/install/printer_system
[7.797s] DEBUG:colcon.colcon_core.event_handler.log_command:Invoking command in '/root/ros2_ws/build/printer_system': CMAKE_PREFIX_PATH=/opt/ros/humble:/root/ros2_ws/install/printer_system /usr/bin/cmake --build /root/ros2_ws/build/printer_system -- -j8 -l8
[21.488s] DEBUG:colcon.colcon_core.event_handler.log_command:Invoked command in '/root/ros2_ws/build/printer_system' returned '0': CMAKE_PREFIX_PATH=/opt/ros/humble:/root/ros2_ws/install/printer_system /usr/bin/cmake --build /root/ros2_ws/build/printer_system -- -j8 -l8
[21.516s] DEBUG:colcon.colcon_core.event_handler.log_command:Invoking command in '/root/ros2_ws/build/printer_system': CMAKE_PREFIX_PATH=/opt/ros/humble:/root/ros2_ws/install/printer_system /usr/bin/cmake --install /root/ros2_ws/build/printer_system
[21.865s] Level 1:colcon.colcon_core.environment:create_environment_scripts_only(printer_system)
[21.867s] DEBUG:colcon.colcon_core.event_handler.log_command:Invoked command in '/root/ros2_ws/build/printer_system' returned '0': CMAKE_PREFIX_PATH=/opt/ros/humble:/root/ros2_ws/install/printer_system /usr/bin/cmake --install /root/ros2_ws/build/printer_system
[21.875s] Level 1:colcon.colcon_core.environment:checking '/root/ros2_ws/install/printer_system' for CMake module files
[21.878s] Level 1:colcon.colcon_core.environment:checking '/root/ros2_ws/install/printer_system' for CMake config files
[21.878s] Level 1:colcon.colcon_core.shell:create_environment_hook('printer_system', 'cmake_prefix_path')
[21.879s] INFO:colcon.colcon_core.shell:Creating environment hook '/root/ros2_ws/install/printer_system/share/printer_system/hook/cmake_prefix_path.ps1'
[21.881s] INFO:colcon.colcon_core.shell:Creating environment descriptor '/root/ros2_ws/install/printer_system/share/printer_system/hook/cmake_prefix_path.dsv'
[21.882s] INFO:colcon.colcon_core.shell:Creating environment hook '/root/ros2_ws/install/printer_system/share/printer_system/hook/cmake_prefix_path.sh'
[21.885s] Level 1:colcon.colcon_core.environment:checking '/root/ros2_ws/install/printer_system/lib'
[21.885s] Level 1:colcon.colcon_core.shell:create_environment_hook('printer_system', 'ld_library_path_lib')
[21.886s] INFO:colcon.colcon_core.shell:Creating environment hook '/root/ros2_ws/install/printer_system/share/printer_system/hook/ld_library_path_lib.ps1'
[21.887s] INFO:colcon.colcon_core.shell:Creating environment descriptor '/root/ros2_ws/install/printer_system/share/printer_system/hook/ld_library_path_lib.dsv'
[21.888s] INFO:colcon.colcon_core.shell:Creating environment hook '/root/ros2_ws/install/printer_system/share/printer_system/hook/ld_library_path_lib.sh'
[21.889s] Level 1:colcon.colcon_core.environment:checking '/root/ros2_ws/install/printer_system/bin'
[21.889s] Level 1:colcon.colcon_core.environment:checking '/root/ros2_ws/install/printer_system/lib/pkgconfig/printer_system.pc'
[21.894s] Level 1:colcon.colcon_core.environment:checking '/root/ros2_ws/install/printer_system/lib/python3.10/site-packages'
[21.894s] Level 1:colcon.colcon_core.shell:create_environment_hook('printer_system', 'pythonpath')
[21.895s] INFO:colcon.colcon_core.shell:Creating environment hook '/root/ros2_ws/install/printer_system/share/printer_system/hook/pythonpath.ps1'
[21.896s] INFO:colcon.colcon_core.shell:Creating environment descriptor '/root/ros2_ws/install/printer_system/share/printer_system/hook/pythonpath.dsv'
[21.896s] INFO:colcon.colcon_core.shell:Creating environment hook '/root/ros2_ws/install/printer_system/share/printer_system/hook/pythonpath.sh'
[21.898s] Level 1:colcon.colcon_core.environment:checking '/root/ros2_ws/install/printer_system/bin'
[21.898s] INFO:colcon.colcon_core.shell:Creating package script '/root/ros2_ws/install/printer_system/share/printer_system/package.ps1'
[21.901s] INFO:colcon.colcon_core.shell:Creating package descriptor '/root/ros2_ws/install/printer_system/share/printer_system/package.dsv'
[21.903s] INFO:colcon.colcon_core.shell:Creating package script '/root/ros2_ws/install/printer_system/share/printer_system/package.sh'
[21.906s] INFO:colcon.colcon_core.shell:Creating package script '/root/ros2_ws/install/printer_system/share/printer_system/package.bash'
[21.907s] INFO:colcon.colcon_core.shell:Creating package script '/root/ros2_ws/install/printer_system/share/printer_system/package.zsh'
[21.909s] Level 1:colcon.colcon_core.environment:create_file_with_runtime_dependencies(/root/ros2_ws/install/printer_system/share/colcon-core/packages/printer_system)
[21.912s] Level 1:colcon.colcon_core.environment:create_environment_scripts_only(printer_system)
[21.912s] Level 1:colcon.colcon_core.environment:checking '/root/ros2_ws/install/printer_system' for CMake module files
[21.914s] Level 1:colcon.colcon_core.environment:checking '/root/ros2_ws/install/printer_system' for CMake config files
[21.915s] Level 1:colcon.colcon_core.shell:create_environment_hook('printer_system', 'cmake_prefix_path')
[21.915s] INFO:colcon.colcon_core.shell:Creating environment hook '/root/ros2_ws/install/printer_system/share/printer_system/hook/cmake_prefix_path.ps1'
[21.916s] INFO:colcon.colcon_core.shell:Creating environment descriptor '/root/ros2_ws/install/printer_system/share/printer_system/hook/cmake_prefix_path.dsv'
[21.918s] INFO:colcon.colcon_core.shell:Creating environment hook '/root/ros2_ws/install/printer_system/share/printer_system/hook/cmake_prefix_path.sh'
[21.919s] Level 1:colcon.colcon_core.environment:checking '/root/ros2_ws/install/printer_system/lib'
[21.919s] Level 1:colcon.colcon_core.shell:create_environment_hook('printer_system', 'ld_library_path_lib')
[21.920s] INFO:colcon.colcon_core.shell:Creating environment hook '/root/ros2_ws/install/printer_system/share/printer_system/hook/ld_library_path_lib.ps1'
[21.921s] INFO:colcon.colcon_core.shell:Creating environment descriptor '/root/ros2_ws/install/printer_system/share/printer_system/hook/ld_library_path_lib.dsv'
[21.922s] INFO:colcon.colcon_core.shell:Creating environment hook '/root/ros2_ws/install/printer_system/share/printer_system/hook/ld_library_path_lib.sh'
[21.923s] Level 1:colcon.colcon_core.environment:checking '/root/ros2_ws/install/printer_system/bin'
[21.923s] Level 1:colcon.colcon_core.environment:checking '/root/ros2_ws/install/printer_system/lib/pkgconfig/printer_system.pc'
[21.924s] Level 1:colcon.colcon_core.environment:checking '/root/ros2_ws/install/printer_system/lib/python3.10/site-packages'
[21.924s] Level 1:colcon.colcon_core.shell:create_environment_hook('printer_system', 'pythonpath')
[21.925s] INFO:colcon.colcon_core.shell:Creating environment hook '/root/ros2_ws/install/printer_system/share/printer_system/hook/pythonpath.ps1'
[21.926s] INFO:colcon.colcon_core.shell:Creating environment descriptor '/root/ros2_ws/install/printer_system/share/printer_system/hook/pythonpath.dsv'
[21.927s] INFO:colcon.colcon_core.shell:Creating environment hook '/root/ros2_ws/install/printer_system/share/printer_system/hook/pythonpath.sh'
[21.928s] Level 1:colcon.colcon_core.environment:checking '/root/ros2_ws/install/printer_system/bin'
[21.929s] INFO:colcon.colcon_core.shell:Creating package script '/root/ros2_ws/install/printer_system/share/printer_system/package.ps1'
[21.930s] INFO:colcon.colcon_core.shell:Creating package descriptor '/root/ros2_ws/install/printer_system/share/printer_system/package.dsv'
[21.932s] INFO:colcon.colcon_core.shell:Creating package script '/root/ros2_ws/install/printer_system/share/printer_system/package.sh'
[21.933s] INFO:colcon.colcon_core.shell:Creating package script '/root/ros2_ws/install/printer_system/share/printer_system/package.bash'
[21.934s] INFO:colcon.colcon_core.shell:Creating package script '/root/ros2_ws/install/printer_system/share/printer_system/package.zsh'
[21.936s] Level 1:colcon.colcon_core.environment:create_file_with_runtime_dependencies(/root/ros2_ws/install/printer_system/share/colcon-core/packages/printer_system)
[21.937s] DEBUG:colcon.colcon_parallel_executor.executor.parallel:closing loop
[21.937s] DEBUG:colcon.colcon_parallel_executor.executor.parallel:loop closed
[21.937s] DEBUG:colcon.colcon_parallel_executor.executor.parallel:run_until_complete finished with '0'
[21.938s] DEBUG:colcon.colcon_core.event_reactor:joining thread
[21.975s] INFO:colcon.colcon_core.plugin_system:Skipping extension 'colcon_notification.desktop_notification.notify_send': Could not find 'notify-send'
[21.976s] INFO:colcon.colcon_core.plugin_system:Skipping extension 'colcon_notification.desktop_notification.terminal_notifier': Not used on non-Darwin systems
[21.977s] INFO:colcon.colcon_core.plugin_system:Skipping extension 'colcon_notification.desktop_notification.win32': Not used on non-Windows systems
[21.977s] INFO:colcon.colcon_notification.desktop_notification:Sending desktop notification using 'notify2'
[21.978s] DEBUG:colcon.colcon_notification.desktop_notification.notify2:Failed to initialize notify2: org.freedesktop.DBus.Error.NotSupported: Unable to autolaunch a dbus-daemon without a $DISPLAY for X11
[21.978s] DEBUG:colcon.colcon_core.event_reactor:joined thread
[21.979s] INFO:colcon.colcon_core.shell:Creating prefix script '/root/ros2_ws/install/local_setup.ps1'
[21.983s] INFO:colcon.colcon_core.shell:Creating prefix util module '/root/ros2_ws/install/_local_setup_util_ps1.py'
[21.989s] INFO:colcon.colcon_core.shell:Creating prefix chain script '/root/ros2_ws/install/setup.ps1'
[21.992s] INFO:colcon.colcon_core.shell:Creating prefix script '/root/ros2_ws/install/local_setup.sh'
[21.993s] INFO:colcon.colcon_core.shell:Creating prefix util module '/root/ros2_ws/install/_local_setup_util_sh.py'
[21.995s] INFO:colcon.colcon_core.shell:Creating prefix chain script '/root/ros2_ws/install/setup.sh'
[21.997s] INFO:colcon.colcon_core.shell:Creating prefix script '/root/ros2_ws/install/local_setup.bash'
[21.998s] INFO:colcon.colcon_core.shell:Creating prefix chain script '/root/ros2_ws/install/setup.bash'
[22.001s] INFO:colcon.colcon_core.shell:Creating prefix script '/root/ros2_ws/install/local_setup.zsh'
[22.003s] INFO:colcon.colcon_core.shell:Creating prefix chain script '/root/ros2_ws/install/setup.zsh'
