[0.029s] Invoking command in '/root/ros2_ws/src/printer_system/build/printer_system': CMAKE_PREFIX_PATH=/opt/ros/humble:/root/ros2_ws/install/printer_system /usr/bin/cmake /root/ros2_ws/src/printer_system -DCMAKE_INSTALL_PREFIX=/root/ros2_ws/src/printer_system/install/printer_system
[0.379s] -- The C compiler identification is GNU 11.4.0
[0.573s] -- The CXX compiler identification is GNU 11.4.0
[0.594s] -- Detecting C compiler ABI info
[0.744s] -- Detecting C compiler ABI info - done
[0.759s] -- Check for working C compiler: /usr/bin/cc - skipped
[0.761s] -- Detecting C compile features
[0.762s] -- Detecting C compile features - done
[0.767s] -- Detecting CXX compiler ABI info
[0.934s] -- Detecting CXX compiler ABI info - done
[0.950s] -- Check for working CXX compiler: /usr/bin/c++ - skipped
[0.950s] -- Detecting CXX compile features
[0.950s] -- Detecting CXX compile features - done
[0.970s] -- Found ament_cmake: 1.3.11 (/opt/ros/humble/share/ament_cmake/cmake)
[1.241s] -- Found Python3: /usr/bin/python3 (found version "3.10.12") found components: Interpreter 
[1.450s] -- Found rclpy: 3.3.16 (/opt/ros/humble/share/rclpy/cmake)
[1.454s] -- Found rosidl_default_generators: 1.2.0 (/opt/ros/humble/share/rosidl_default_generators/cmake)
[1.462s] -- Using all available rosidl_typesupport_c: rosidl_typesupport_fastrtps_c;rosidl_typesupport_introspection_c
[1.478s] -- Found rosidl_adapter: 3.1.6 (/opt/ros/humble/share/rosidl_adapter/cmake)
[1.580s] -- Using all available rosidl_typesupport_cpp: rosidl_typesupport_fastrtps_cpp;rosidl_typesupport_introspection_cpp
[1.877s] [31mCMake Error at /opt/ros/humble/share/rosidl_cmake/cmake/rosidl_generate_interfaces.cmake:162 (message):
[1.878s]   rosidl_generate_interfaces() the passed dependency 'builtin_interfaces' has
[1.878s]   not been found before using find_package()
[1.878s] Call Stack (most recent call first):
[1.879s]   CMakeLists.txt:25 (rosidl_generate_interfaces)
[1.879s] 
[1.879s] [0m
[1.880s] -- Configuring incomplete, errors occurred!
[1.880s] See also "/root/ros2_ws/src/printer_system/build/printer_system/CMakeFiles/CMakeOutput.log".
[1.893s] Invoked command in '/root/ros2_ws/src/printer_system/build/printer_system' returned '1': CMAKE_PREFIX_PATH=/opt/ros/humble:/root/ros2_ws/install/printer_system /usr/bin/cmake /root/ros2_ws/src/printer_system -DCMAKE_INSTALL_PREFIX=/root/ros2_ws/src/printer_system/install/printer_system
