[0.264s] DEBUG:colcon:Command line arguments: ['/usr/bin/colcon', 'build', '--packages-select', 'printer_system']
[0.264s] DEBUG:colcon:Parsed command line arguments: Namespace(log_base=None, log_level=None, verb_name='build', build_base='build', install_base='install', merge_install=False, symlink_install=False, test_result_base=None, continue_on_error=False, executor='parallel', parallel_workers=8, event_handlers=None, ignore_user_meta=False, metas=['./colcon.meta'], base_paths=['.'], packages_ignore=None, packages_ignore_regex=None, paths=None, packages_up_to=None, packages_up_to_regex=None, packages_above=None, packages_above_and_dependencies=None, packages_above_depth=None, packages_select_by_dep=None, packages_skip_by_dep=None, packages_skip_up_to=None, packages_select_build_failed=False, packages_skip_build_finished=False, packages_select_test_failures=False, packages_skip_test_passed=False, packages_select=['printer_system'], packages_skip=None, packages_select_regex=None, packages_skip_regex=None, packages_start=None, packages_end=None, cmake_args=None, cmake_target=None, cmake_target_skip_unavailable=False, cmake_clean_cache=False, cmake_clean_first=False, cmake_force_configure=False, ament_cmake_args=None, catkin_cmake_args=None, catkin_skip_building_tests=False, mixin_files=None, mixin=None, verb_parser=<colcon_mixin.mixin.mixin_argument.MixinArgumentDecorator object at 0x7fe9c6a07370>, verb_extension=<colcon_core.verb.build.BuildVerb object at 0x7fe9c6a06500>, main=<bound method BuildVerb.main of <colcon_core.verb.build.BuildVerb object at 0x7fe9c6a06500>>, mixin_verb=('build',))
[0.617s] Level 1:colcon.colcon_core.package_discovery:discover_packages(colcon_meta) check parameters
[0.619s] INFO:colcon.colcon_metadata.package_discovery.colcon_meta:Using configuration from '/root/.colcon/metadata/default/Gazebo.meta'
[0.621s] INFO:colcon.colcon_metadata.package_discovery.colcon_meta:Using configuration from '/root/.colcon/metadata/default/fastrtps.meta'
[0.621s] Level 1:colcon.colcon_core.package_discovery:discover_packages(recursive) check parameters
[0.621s] Level 1:colcon.colcon_core.package_discovery:discover_packages(ignore) check parameters
[0.621s] Level 1:colcon.colcon_core.package_discovery:discover_packages(path) check parameters
[0.621s] Level 1:colcon.colcon_core.package_discovery:discover_packages(colcon_meta) discover
[0.621s] Level 1:colcon.colcon_core.package_discovery:discover_packages(recursive) discover
[0.621s] INFO:colcon.colcon_core.package_discovery:Crawling recursively for packages in '/root/ros2_ws/src/printer_system'
[0.622s] Level 1:colcon.colcon_core.package_identification:_identify(.) by extensions ['ignore', 'ignore_ament_install']
[0.622s] Level 1:colcon.colcon_core.package_identification:_identify(.) by extension 'ignore'
[0.622s] Level 1:colcon.colcon_core.package_identification:_identify(.) by extension 'ignore_ament_install'
[0.622s] Level 1:colcon.colcon_core.package_identification:_identify(.) by extensions ['colcon_pkg']
[0.622s] Level 1:colcon.colcon_core.package_identification:_identify(.) by extension 'colcon_pkg'
[0.622s] Level 1:colcon.colcon_core.package_identification:_identify(.) by extensions ['colcon_meta']
[0.622s] Level 1:colcon.colcon_core.package_identification:_identify(.) by extension 'colcon_meta'
[0.622s] Level 1:colcon.colcon_core.package_identification:_identify(.) by extensions ['ros']
[0.622s] Level 1:colcon.colcon_core.package_identification:_identify(.) by extension 'ros'
[0.662s] DEBUG:colcon.colcon_core.package_identification:Package '.' with type 'ros.ament_cmake' and name 'printer_system'
[0.663s] Level 1:colcon.colcon_core.package_discovery:discover_packages(recursive) using defaults
[0.663s] Level 1:colcon.colcon_core.package_discovery:discover_packages(ignore) discover
[0.663s] Level 1:colcon.colcon_core.package_discovery:discover_packages(ignore) using defaults
[0.663s] Level 1:colcon.colcon_core.package_discovery:discover_packages(path) discover
[0.663s] Level 1:colcon.colcon_core.package_discovery:discover_packages(path) using defaults
[0.712s] Level 5:colcon.colcon_core.verb:set package 'printer_system' build argument 'cmake_args' from command line to 'None'
[0.712s] Level 5:colcon.colcon_core.verb:set package 'printer_system' build argument 'cmake_target' from command line to 'None'
[0.712s] Level 5:colcon.colcon_core.verb:set package 'printer_system' build argument 'cmake_target_skip_unavailable' from command line to 'False'
[0.712s] Level 5:colcon.colcon_core.verb:set package 'printer_system' build argument 'cmake_clean_cache' from command line to 'False'
[0.712s] Level 5:colcon.colcon_core.verb:set package 'printer_system' build argument 'cmake_clean_first' from command line to 'False'
[0.712s] Level 5:colcon.colcon_core.verb:set package 'printer_system' build argument 'cmake_force_configure' from command line to 'False'
[0.712s] Level 5:colcon.colcon_core.verb:set package 'printer_system' build argument 'ament_cmake_args' from command line to 'None'
[0.712s] Level 5:colcon.colcon_core.verb:set package 'printer_system' build argument 'catkin_cmake_args' from command line to 'None'
[0.712s] Level 5:colcon.colcon_core.verb:set package 'printer_system' build argument 'catkin_skip_building_tests' from command line to 'False'
[0.713s] DEBUG:colcon.colcon_core.verb:Building package 'printer_system' with the following arguments: {'ament_cmake_args': None, 'build_base': '/root/ros2_ws/src/printer_system/build/printer_system', 'catkin_cmake_args': None, 'catkin_skip_building_tests': False, 'cmake_args': None, 'cmake_clean_cache': False, 'cmake_clean_first': False, 'cmake_force_configure': False, 'cmake_target': None, 'cmake_target_skip_unavailable': False, 'install_base': '/root/ros2_ws/src/printer_system/install/printer_system', 'merge_install': False, 'path': '/root/ros2_ws/src/printer_system', 'symlink_install': False, 'test_result_base': None}
[0.713s] INFO:colcon.colcon_core.executor:Executing jobs using 'parallel' executor
[0.715s] DEBUG:colcon.colcon_parallel_executor.executor.parallel:run_until_complete
[0.715s] INFO:colcon.colcon_ros.task.ament_cmake.build:Building ROS package in '/root/ros2_ws/src/printer_system' with build type 'ament_cmake'
[0.715s] INFO:colcon.colcon_cmake.task.cmake.build:Building CMake package in '/root/ros2_ws/src/printer_system'
[0.722s] INFO:colcon.colcon_core.plugin_system:Skipping extension 'colcon_core.shell.bat': Not used on non-Windows systems
[0.723s] INFO:colcon.colcon_core.shell:Skip shell extension 'powershell' for command environment: Not usable outside of PowerShell
[0.723s] DEBUG:colcon.colcon_core.shell:Skip shell extension 'dsv' for command environment
[0.745s] DEBUG:colcon.colcon_core.event_handler.log_command:Invoking command in '/root/ros2_ws/src/printer_system/build/printer_system': CMAKE_PREFIX_PATH=/opt/ros/humble:/root/ros2_ws/install/printer_system /usr/bin/cmake /root/ros2_ws/src/printer_system -DCMAKE_INSTALL_PREFIX=/root/ros2_ws/src/printer_system/install/printer_system
[2.610s] DEBUG:colcon.colcon_core.event_handler.log_command:Invoked command in '/root/ros2_ws/src/printer_system/build/printer_system' returned '1': CMAKE_PREFIX_PATH=/opt/ros/humble:/root/ros2_ws/install/printer_system /usr/bin/cmake /root/ros2_ws/src/printer_system -DCMAKE_INSTALL_PREFIX=/root/ros2_ws/src/printer_system/install/printer_system
[2.637s] Level 1:colcon.colcon_core.environment:create_environment_scripts_only(printer_system)
[2.647s] Level 1:colcon.colcon_core.environment:checking '/root/ros2_ws/src/printer_system/install/printer_system' for CMake module files
[2.648s] Level 1:colcon.colcon_core.environment:checking '/root/ros2_ws/src/printer_system/install/printer_system' for CMake config files
[2.650s] Level 1:colcon.colcon_core.environment:checking '/root/ros2_ws/src/printer_system/install/printer_system/bin'
[2.650s] Level 1:colcon.colcon_core.environment:checking '/root/ros2_ws/src/printer_system/install/printer_system/lib/pkgconfig/printer_system.pc'
[2.653s] Level 1:colcon.colcon_core.environment:checking '/root/ros2_ws/src/printer_system/install/printer_system/lib/python3.10/site-packages'
[2.653s] Level 1:colcon.colcon_core.environment:checking '/root/ros2_ws/src/printer_system/install/printer_system/bin'
[2.654s] INFO:colcon.colcon_core.shell:Creating package script '/root/ros2_ws/src/printer_system/install/printer_system/share/printer_system/package.ps1'
[2.655s] INFO:colcon.colcon_core.shell:Creating package descriptor '/root/ros2_ws/src/printer_system/install/printer_system/share/printer_system/package.dsv'
[2.656s] INFO:colcon.colcon_core.shell:Creating package script '/root/ros2_ws/src/printer_system/install/printer_system/share/printer_system/package.sh'
[2.657s] INFO:colcon.colcon_core.shell:Creating package script '/root/ros2_ws/src/printer_system/install/printer_system/share/printer_system/package.bash'
[2.659s] INFO:colcon.colcon_core.shell:Creating package script '/root/ros2_ws/src/printer_system/install/printer_system/share/printer_system/package.zsh'
[2.661s] Level 1:colcon.colcon_core.environment:create_file_with_runtime_dependencies(/root/ros2_ws/src/printer_system/install/printer_system/share/colcon-core/packages/printer_system)
[2.672s] DEBUG:colcon.colcon_parallel_executor.executor.parallel:closing loop
[2.672s] DEBUG:colcon.colcon_parallel_executor.executor.parallel:loop closed
[2.672s] DEBUG:colcon.colcon_parallel_executor.executor.parallel:run_until_complete finished with '1'
[2.672s] DEBUG:colcon.colcon_core.event_reactor:joining thread
[2.691s] INFO:colcon.colcon_core.plugin_system:Skipping extension 'colcon_notification.desktop_notification.notify_send': Could not find 'notify-send'
[2.691s] INFO:colcon.colcon_core.plugin_system:Skipping extension 'colcon_notification.desktop_notification.terminal_notifier': Not used on non-Darwin systems
[2.691s] INFO:colcon.colcon_core.plugin_system:Skipping extension 'colcon_notification.desktop_notification.win32': Not used on non-Windows systems
[2.691s] INFO:colcon.colcon_notification.desktop_notification:Sending desktop notification using 'notify2'
[2.691s] DEBUG:colcon.colcon_notification.desktop_notification.notify2:Failed to initialize notify2: org.freedesktop.DBus.Error.NotSupported: Unable to autolaunch a dbus-daemon without a $DISPLAY for X11
[2.691s] DEBUG:colcon.colcon_core.event_reactor:joined thread
[2.692s] INFO:colcon.colcon_core.shell:Creating prefix script '/root/ros2_ws/src/printer_system/install/local_setup.ps1'
[2.696s] INFO:colcon.colcon_core.shell:Creating prefix util module '/root/ros2_ws/src/printer_system/install/_local_setup_util_ps1.py'
[2.700s] INFO:colcon.colcon_core.shell:Creating prefix chain script '/root/ros2_ws/src/printer_system/install/setup.ps1'
[2.703s] INFO:colcon.colcon_core.shell:Creating prefix script '/root/ros2_ws/src/printer_system/install/local_setup.sh'
[2.705s] INFO:colcon.colcon_core.shell:Creating prefix util module '/root/ros2_ws/src/printer_system/install/_local_setup_util_sh.py'
[2.706s] INFO:colcon.colcon_core.shell:Creating prefix chain script '/root/ros2_ws/src/printer_system/install/setup.sh'
[2.707s] INFO:colcon.colcon_core.shell:Creating prefix script '/root/ros2_ws/src/printer_system/install/local_setup.bash'
[2.708s] INFO:colcon.colcon_core.shell:Creating prefix chain script '/root/ros2_ws/src/printer_system/install/setup.bash'
[2.709s] INFO:colcon.colcon_core.shell:Creating prefix script '/root/ros2_ws/src/printer_system/install/local_setup.zsh'
[2.710s] INFO:colcon.colcon_core.shell:Creating prefix chain script '/root/ros2_ws/src/printer_system/install/setup.zsh'
